[12-Dec-2016 14:38:31 UTC] PHP Fatal error:  Call to a member function delete() on a non-object in /home/ubuntu/workspace/penang/app/Http/Controllers/UsersController.php on line 81
[12-Dec-2016 14:38:31 UTC] PHP Stack trace:
[12-Dec-2016 14:38:31 UTC] PHP   1. {main}() /home/ubuntu/workspace/penang/public/index.php:0
[12-Dec-2016 14:38:31 UTC] PHP   2. Illuminate\Foundation\Http\Kernel->handle() /home/ubuntu/workspace/penang/public/index.php:54
[12-Dec-2016 14:38:31 UTC] PHP   3. Illuminate\Foundation\Http\Kernel->sendRequestThroughRouter() /home/ubuntu/workspace/penang/vendor/laravel/framework/src/Illuminate/Foundation/Http/Kernel.php:99
[12-Dec-2016 14:38:31 UTC] PHP   4. Illuminate\Pipeline\Pipeline->then() /home/ubuntu/workspace/penang/vendor/laravel/framework/src/Illuminate/Foundation/Http/Kernel.php:132
[12-Dec-2016 14:38:31 UTC] PHP   5. call_user_func:{/home/ubuntu/workspace/penang/vendor/laravel/framework/src/Illuminate/Pipeline/Pipeline.php:103}() /home/ubuntu/workspace/penang/vendor/laravel/framework/src/Illuminate/Pipeline/Pipeline.php:103
[12-Dec-2016 14:38:31 UTC] PHP   6. Illuminate\Routing\Pipeline->Illuminate\Routing\{closure}() /home/ubuntu/workspace/penang/vendor/laravel/framework/src/Illuminate/Pipeline/Pipeline.php:103
[12-Dec-2016 14:38:31 UTC] PHP   7. call_user_func:{/home/ubuntu/workspace/penang/vendor/laravel/framework/src/Illuminate/Routing/Pipeline.php:32}() /home/ubuntu/workspace/penang/vendor/laravel/framework/src/Illuminate/Routing/Pipeline.php:32
[12-Dec-2016 14:38:31 UTC] PHP   8. Illuminate\Pipeline\Pipeline->Illuminate\Pipeline\{closure}() /home/ubuntu/workspace/penang/vendor/laravel/framework/src/Illuminate/Routing/Pipeline.php:32
[12-Dec-2016 14:38:31 UTC] PHP   9. call_user_func_array:{/home/ubuntu/workspace/penang/vendor/laravel/framework/src/Illuminate/Pipeline/Pipeline.php:136}() /home/ubuntu/workspace/penang/vendor/laravel/framework/src/Illuminate/Pipeline/Pipeline.php:136
[12-Dec-2016 14:38:31 UTC] PHP  10. Illuminate\Foundation\Http\Middleware\CheckForMaintenanceMode->handle() /home/ubuntu/workspace/penang/vendor/laravel/framework/src/Illuminate/Pipeline/Pipeline.php:136
[12-Dec-2016 14:38:31 UTC] PHP  11. Illuminate\Routing\Pipeline->Illuminate\Routing\{closure}() /home/ubuntu/workspace/penang/vendor/laravel/framework/src/Illuminate/Foundation/Http/Middleware/CheckForMaintenanceMode.php:44
[12-Dec-2016 14:38:31 UTC] PHP  12. call_user_func:{/home/ubuntu/workspace/penang/vendor/laravel/framework/src/Illuminate/Routing/Pipeline.php:52}() /home/ubuntu/workspace/penang/vendor/laravel/framework/src/Illuminate/Routing/Pipeline.php:52
[12-Dec-2016 14:38:31 UTC] PHP  13. Illuminate\Foundation\Http\Kernel->Illuminate\Foundation\Http\{closure}() /home/ubuntu/workspace/penang/vendor/laravel/framework/src/Illuminate/Routing/Pipeline.php:52
[12-Dec-2016 14:38:31 UTC] PHP  14. Illuminate\Routing\Router->dispatch() /home/ubuntu/workspace/penang/vendor/laravel/framework/src/Illuminate/Foundation/Http/Kernel.php:246
[12-Dec-2016 14:38:31 UTC] PHP  15. Illuminate\Routing\Router->dispatchToRoute() /home/ubuntu/workspace/penang/vendor/laravel/framework/src/Illuminate/Routing/Router.php:675
[12-Dec-2016 14:38:31 UTC] PHP  16. Illuminate\Routing\Router->runRouteWithinStack() /home/ubuntu/workspace/penang/vendor/laravel/framework/src/Illuminate/Routing/Router.php:699
[12-Dec-2016 14:38:31 UTC] PHP  17. Illuminate\Pipeline\Pipeline->then() /home/ubuntu/workspace/penang/vendor/laravel/framework/src/Illuminate/Routing/Router.php:726
[12-Dec-2016 14:38:31 UTC] PHP  18. call_user_func:{/home/ubuntu/workspace/penang/vendor/laravel/framework/src/Illuminate/Pipeline/Pipeline.php:103}() /home/ubuntu/workspace/penang/vendor/laravel/framework/src/Illuminate/Pipeline/Pipeline.php:103
[12-Dec-2016 14:38:31 UTC] PHP  19. Illuminate\Routing\Pipeline->Illuminate\Routing\{closure}() /home/ubuntu/workspace/penang/vendor/laravel/framework/src/Illuminate/Pipeline/Pipeline.php:103
[12-Dec-2016 14:38:31 UTC] PHP  20. call_user_func:{/home/ubuntu/workspace/penang/vendor/laravel/framework/src/Illuminate/Routing/Pipeline.php:32}() /home/ubuntu/workspace/penang/vendor/laravel/framework/src/Illuminate/Routing/Pipeline.php:32
[12-Dec-2016 14:38:31 UTC] PHP  21. Illuminate\Pipeline\Pipeline->Illuminate\Pipeline\{closure}() /home/ubuntu/workspace/penang/vendor/laravel/framework/src/Illuminate/Routing/Pipeline.php:32
[12-Dec-2016 14:38:31 UTC] PHP  22. call_user_func_array:{/home/ubuntu/workspace/penang/vendor/laravel/framework/src/Illuminate/Pipeline/Pipeline.php:136}() /home/ubuntu/workspace/penang/vendor/laravel/framework/src/Illuminate/Pipeline/Pipeline.php:136
[12-Dec-2016 14:38:31 UTC] PHP  23. Illuminate\Cookie\Middleware\EncryptCookies->handle() /home/ubuntu/workspace/penang/vendor/laravel/framework/src/Illuminate/Pipeline/Pipeline.php:136
[12-Dec-2016 14:38:31 UTC] PHP  24. Illuminate\Routing\Pipeline->Illuminate\Routing\{closure}() /home/ubuntu/workspace/penang/vendor/laravel/framework/src/Illuminate/Cookie/Middleware/EncryptCookies.php:59
[12-Dec-2016 14:38:31 UTC] PHP  25. call_user_func:{/home/ubuntu/workspace/penang/vendor/laravel/framework/src/Illuminate/Routing/Pipeline.php:32}() /home/ubuntu/workspace/penang/vendor/laravel/framework/src/Illuminate/Routing/Pipeline.php:32
[12-Dec-2016 14:38:31 UTC] PHP  26. Illuminate\Pipeline\Pipeline->Illuminate\Pipeline\{closure}() /home/ubuntu/workspace/penang/vendor/laravel/framework/src/Illuminate/Routing/Pipeline.php:32
[12-Dec-2016 14:38:31 UTC] PHP  27. call_user_func_array:{/home/ubuntu/workspace/penang/vendor/laravel/framework/src/Illuminate/Pipeline/Pipeline.php:136}() /home/ubuntu/workspace/penang/vendor/laravel/framework/src/Illuminate/Pipeline/Pipeline.php:136
[12-Dec-2016 14:38:31 UTC] PHP  28. Illuminate\Cookie\Middleware\AddQueuedCookiesToResponse->handle() /home/ubuntu/workspace/penang/vendor/laravel/framework/src/Illuminate/Pipeline/Pipeline.php:136
[12-Dec-2016 14:38:31 UTC] PHP  29. Illuminate\Routing\Pipeline->Illuminate\Routing\{closure}() /home/ubuntu/workspace/penang/vendor/laravel/framework/src/Illuminate/Cookie/Middleware/AddQueuedCookiesToResponse.php:37
[12-Dec-2016 14:38:31 UTC] PHP  30. call_user_func:{/home/ubuntu/workspace/penang/vendor/laravel/framework/src/Illuminate/Routing/Pipeline.php:32}() /home/ubuntu/workspace/penang/vendor/laravel/framework/src/Illuminate/Routing/Pipeline.php:32
[12-Dec-2016 14:38:31 UTC] PHP  31. Illuminate\Pipeline\Pipeline->Illuminate\Pipeline\{closure}() /home/ubuntu/workspace/penang/vendor/laravel/framework/src/Illuminate/Routing/Pipeline.php:32
[12-Dec-2016 14:38:31 UTC] PHP  32. call_user_func_array:{/home/ubuntu/workspace/penang/vendor/laravel/framework/src/Illuminate/Pipeline/Pipeline.php:136}() /home/ubuntu/workspace/penang/vendor/laravel/framework/src/Illuminate/Pipeline/Pipeline.php:136
[12-Dec-2016 14:38:31 UTC] PHP  33. Illuminate\Session\Middleware\StartSession->handle() /home/ubuntu/workspace/penang/vendor/laravel/framework/src/Illuminate/Pipeline/Pipeline.php:136
[12-Dec-2016 14:38:31 UTC] PHP  34. Illuminate\Routing\Pipeline->Illuminate\Routing\{closure}() /home/ubuntu/workspace/penang/vendor/laravel/framework/src/Illuminate/Session/Middleware/StartSession.php:64
[12-Dec-2016 14:38:31 UTC] PHP  35. call_user_func:{/home/ubuntu/workspace/penang/vendor/laravel/framework/src/Illuminate/Routing/Pipeline.php:32}() /home/ubuntu/workspace/penang/vendor/laravel/framework/src/Illuminate/Routing/Pipeline.php:32
[12-Dec-2016 14:38:31 UTC] PHP  36. Illuminate\Pipeline\Pipeline->Illuminate\Pipeline\{closure}() /home/ubuntu/workspace/penang/vendor/laravel/framework/src/Illuminate/Routing/Pipeline.php:32
[12-Dec-2016 14:38:31 UTC] PHP  37. call_user_func_array:{/home/ubuntu/workspace/penang/vendor/laravel/framework/src/Illuminate/Pipeline/Pipeline.php:136}() /home/ubuntu/workspace/penang/vendor/laravel/framework/src/Illuminate/Pipeline/Pipeline.php:136
[12-Dec-2016 14:38:31 UTC] PHP  38. Illuminate\View\Middleware\ShareErrorsFromSession->handle() /home/ubuntu/workspace/penang/vendor/laravel/framework/src/Illuminate/Pipeline/Pipeline.php:136
[12-Dec-2016 14:38:31 UTC] PHP  39. Illuminate\Routing\Pipeline->Illuminate\Routing\{closure}() /home/ubuntu/workspace/penang/vendor/laravel/framework/src/Illuminate/View/Middleware/ShareErrorsFromSession.php:49
[12-Dec-2016 14:38:31 UTC] PHP  40. call_user_func:{/home/ubuntu/workspace/penang/vendor/laravel/framework/src/Illuminate/Routing/Pipeline.php:32}() /home/ubuntu/workspace/penang/vendor/laravel/framework/src/Illuminate/Routing/Pipeline.php:32
[12-Dec-2016 14:38:31 UTC] PHP  41. Illuminate\Pipeline\Pipeline->Illuminate\Pipeline\{closure}() /home/ubuntu/workspace/penang/vendor/laravel/framework/src/Illuminate/Routing/Pipeline.php:32
[12-Dec-2016 14:38:31 UTC] PHP  42. call_user_func_array:{/home/ubuntu/workspace/penang/vendor/laravel/framework/src/Illuminate/Pipeline/Pipeline.php:136}() /home/ubuntu/workspace/penang/vendor/laravel/framework/src/Illuminate/Pipeline/Pipeline.php:136
[12-Dec-2016 14:38:31 UTC] PHP  43. Illuminate\Foundation\Http\Middleware\VerifyCsrfToken->handle() /home/ubuntu/workspace/penang/vendor/laravel/framework/src/Illuminate/Pipeline/Pipeline.php:136
[12-Dec-2016 14:38:31 UTC] PHP  44. Illuminate\Routing\Pipeline->Illuminate\Routing\{closure}() /home/ubuntu/workspace/penang/vendor/laravel/framework/src/Illuminate/Foundation/Http/Middleware/VerifyCsrfToken.php:64
[12-Dec-2016 14:38:31 UTC] PHP  45. call_user_func:{/home/ubuntu/workspace/penang/vendor/laravel/framework/src/Illuminate/Routing/Pipeline.php:52}() /home/ubuntu/workspace/penang/vendor/laravel/framework/src/Illuminate/Routing/Pipeline.php:52
[12-Dec-2016 14:38:31 UTC] PHP  46. Illuminate\Routing\Router->Illuminate\Routing\{closure}() /home/ubuntu/workspace/penang/vendor/laravel/framework/src/Illuminate/Routing/Pipeline.php:52
[12-Dec-2016 14:38:31 UTC] PHP  47. Illuminate\Routing\Route->run() /home/ubuntu/workspace/penang/vendor/laravel/framework/src/Illuminate/Routing/Router.php:724
[12-Dec-2016 14:38:31 UTC] PHP  48. Illuminate\Routing\Route->runController() /home/ubuntu/workspace/penang/vendor/laravel/framework/src/Illuminate/Routing/Route.php:140
[12-Dec-2016 14:38:31 UTC] PHP  49. Illuminate\Routing\ControllerDispatcher->dispatch() /home/ubuntu/workspace/penang/vendor/laravel/framework/src/Illuminate/Routing/Route.php:174
[12-Dec-2016 14:38:31 UTC] PHP  50. Illuminate\Routing\ControllerDispatcher->callWithinStack() /home/ubuntu/workspace/penang/vendor/laravel/framework/src/Illuminate/Routing/ControllerDispatcher.php:54
[12-Dec-2016 14:38:31 UTC] PHP  51. Illuminate\Pipeline\Pipeline->then() /home/ubuntu/workspace/penang/vendor/laravel/framework/src/Illuminate/Routing/ControllerDispatcher.php:96
[12-Dec-2016 14:38:31 UTC] PHP  52. call_user_func:{/home/ubuntu/workspace/penang/vendor/laravel/framework/src/Illuminate/Pipeline/Pipeline.php:103}() /home/ubuntu/workspace/penang/vendor/laravel/framework/src/Illuminate/Pipeline/Pipeline.php:103
[12-Dec-2016 14:38:31 UTC] PHP  53. Illuminate\Routing\Pipeline->Illuminate\Routing\{closure}() /home/ubuntu/workspace/penang/vendor/laravel/framework/src/Illuminate/Pipeline/Pipeline.php:103
[12-Dec-2016 14:38:31 UTC] PHP  54. call_user_func:{/home/ubuntu/workspace/penang/vendor/laravel/framework/src/Illuminate/Routing/Pipeline.php:52}() /home/ubuntu/workspace/penang/vendor/laravel/framework/src/Illuminate/Routing/Pipeline.php:52
[12-Dec-2016 14:38:31 UTC] PHP  55. Illuminate\Routing\ControllerDispatcher->Illuminate\Routing\{closure}() /home/ubuntu/workspace/penang/vendor/laravel/framework/src/Illuminate/Routing/Pipeline.php:52
[12-Dec-2016 14:38:31 UTC] PHP  56. Illuminate\Routing\ControllerDispatcher->call() /home/ubuntu/workspace/penang/vendor/laravel/framework/src/Illuminate/Routing/ControllerDispatcher.php:94
[12-Dec-2016 14:38:31 UTC] PHP  57. Illuminate\Routing\Controller->callAction() /home/ubuntu/workspace/penang/vendor/laravel/framework/src/Illuminate/Routing/ControllerDispatcher.php:146
[12-Dec-2016 14:38:31 UTC] PHP  58. call_user_func_array:{/home/ubuntu/workspace/penang/vendor/laravel/framework/src/Illuminate/Routing/Controller.php:80}() /home/ubuntu/workspace/penang/vendor/laravel/framework/src/Illuminate/Routing/Controller.php:80
[12-Dec-2016 14:38:31 UTC] PHP  59. App\Http\Controllers\UsersController->destroy() /home/ubuntu/workspace/penang/vendor/laravel/framework/src/Illuminate/Routing/Controller.php:80
[12-Dec-2016 14:45:07 UTC] PHP Fatal error:  Cannot redeclare App\Http\Controllers\UsersController::store() in /home/ubuntu/workspace/penang/app/Http/Controllers/UsersController.php on line 85
[12-Dec-2016 14:45:07 UTC] PHP Stack trace:
[12-Dec-2016 14:45:07 UTC] PHP   1. {main}() /home/ubuntu/workspace/penang/public/index.php:0
[12-Dec-2016 14:45:07 UTC] PHP   2. Illuminate\Foundation\Http\Kernel->handle() /home/ubuntu/workspace/penang/public/index.php:54
[12-Dec-2016 14:45:07 UTC] PHP   3. Illuminate\Foundation\Http\Kernel->sendRequestThroughRouter() /home/ubuntu/workspace/penang/vendor/laravel/framework/src/Illuminate/Foundation/Http/Kernel.php:99
[12-Dec-2016 14:45:07 UTC] PHP   4. Illuminate\Pipeline\Pipeline->then() /home/ubuntu/workspace/penang/vendor/laravel/framework/src/Illuminate/Foundation/Http/Kernel.php:132
[12-Dec-2016 14:45:07 UTC] PHP   5. call_user_func:{/home/ubuntu/workspace/penang/vendor/laravel/framework/src/Illuminate/Pipeline/Pipeline.php:103}() /home/ubuntu/workspace/penang/vendor/laravel/framework/src/Illuminate/Pipeline/Pipeline.php:103
[12-Dec-2016 14:45:07 UTC] PHP   6. Illuminate\Routing\Pipeline->Illuminate\Routing\{closure}() /home/ubuntu/workspace/penang/vendor/laravel/framework/src/Illuminate/Pipeline/Pipeline.php:103
[12-Dec-2016 14:45:07 UTC] PHP   7. call_user_func:{/home/ubuntu/workspace/penang/vendor/laravel/framework/src/Illuminate/Routing/Pipeline.php:32}() /home/ubuntu/workspace/penang/vendor/laravel/framework/src/Illuminate/Routing/Pipeline.php:32
[12-Dec-2016 14:45:07 UTC] PHP   8. Illuminate\Pipeline\Pipeline->Illuminate\Pipeline\{closure}() /home/ubuntu/workspace/penang/vendor/laravel/framework/src/Illuminate/Routing/Pipeline.php:32
[12-Dec-2016 14:45:07 UTC] PHP   9. call_user_func_array:{/home/ubuntu/workspace/penang/vendor/laravel/framework/src/Illuminate/Pipeline/Pipeline.php:136}() /home/ubuntu/workspace/penang/vendor/laravel/framework/src/Illuminate/Pipeline/Pipeline.php:136
[12-Dec-2016 14:45:07 UTC] PHP  10. Illuminate\Foundation\Http\Middleware\CheckForMaintenanceMode->handle() /home/ubuntu/workspace/penang/vendor/laravel/framework/src/Illuminate/Pipeline/Pipeline.php:136
[12-Dec-2016 14:45:07 UTC] PHP  11. Illuminate\Routing\Pipeline->Illuminate\Routing\{closure}() /home/ubuntu/workspace/penang/vendor/laravel/framework/src/Illuminate/Foundation/Http/Middleware/CheckForMaintenanceMode.php:44
[12-Dec-2016 14:45:07 UTC] PHP  12. call_user_func:{/home/ubuntu/workspace/penang/vendor/laravel/framework/src/Illuminate/Routing/Pipeline.php:52}() /home/ubuntu/workspace/penang/vendor/laravel/framework/src/Illuminate/Routing/Pipeline.php:52
[12-Dec-2016 14:45:07 UTC] PHP  13. Illuminate\Foundation\Http\Kernel->Illuminate\Foundation\Http\{closure}() /home/ubuntu/workspace/penang/vendor/laravel/framework/src/Illuminate/Routing/Pipeline.php:52
[12-Dec-2016 14:45:07 UTC] PHP  14. Illuminate\Routing\Router->dispatch() /home/ubuntu/workspace/penang/vendor/laravel/framework/src/Illuminate/Foundation/Http/Kernel.php:246
[12-Dec-2016 14:45:07 UTC] PHP  15. Illuminate\Routing\Router->dispatchToRoute() /home/ubuntu/workspace/penang/vendor/laravel/framework/src/Illuminate/Routing/Router.php:675
[12-Dec-2016 14:45:07 UTC] PHP  16. Illuminate\Routing\Router->findRoute() /home/ubuntu/workspace/penang/vendor/laravel/framework/src/Illuminate/Routing/Router.php:691
[12-Dec-2016 14:45:07 UTC] PHP  17. Illuminate\Routing\Router->substituteBindings() /home/ubuntu/workspace/penang/vendor/laravel/framework/src/Illuminate/Routing/Router.php:825
[12-Dec-2016 14:45:07 UTC] PHP  18. Illuminate\Routing\Router->substituteImplicitBindings() /home/ubuntu/workspace/penang/vendor/laravel/framework/src/Illuminate/Routing/Router.php:842
[12-Dec-2016 14:45:07 UTC] PHP  19. Illuminate\Routing\Route->signatureParameters() /home/ubuntu/workspace/penang/vendor/laravel/framework/src/Illuminate/Routing/Router.php:857
[12-Dec-2016 14:45:07 UTC] PHP  20. ReflectionMethod->__construct() /home/ubuntu/workspace/penang/vendor/laravel/framework/src/Illuminate/Routing/Route.php:280
[12-Dec-2016 14:45:07 UTC] PHP  21. spl_autoload_call() /home/ubuntu/workspace/penang/vendor/laravel/framework/src/Illuminate/Routing/Route.php:280
[12-Dec-2016 14:45:07 UTC] PHP  22. Composer\Autoload\ClassLoader->loadClass() /home/ubuntu/workspace/penang/vendor/laravel/framework/src/Illuminate/Routing/Route.php:280
[12-Dec-2016 14:45:07 UTC] PHP  23. Composer\Autoload\includeFile() /home/ubuntu/workspace/penang/vendor/composer/ClassLoader.php:301
[12-Dec-2016 14:45:13 UTC] PHP Fatal error:  Cannot redeclare App\Http\Controllers\UsersController::store() in /home/ubuntu/workspace/penang/app/Http/Controllers/UsersController.php on line 85
[12-Dec-2016 14:45:13 UTC] PHP Stack trace:
[12-Dec-2016 14:45:13 UTC] PHP   1. {main}() /home/ubuntu/workspace/penang/public/index.php:0
[12-Dec-2016 14:45:13 UTC] PHP   2. Illuminate\Foundation\Http\Kernel->handle() /home/ubuntu/workspace/penang/public/index.php:54
[12-Dec-2016 14:45:13 UTC] PHP   3. Illuminate\Foundation\Http\Kernel->sendRequestThroughRouter() /home/ubuntu/workspace/penang/vendor/laravel/framework/src/Illuminate/Foundation/Http/Kernel.php:99
[12-Dec-2016 14:45:13 UTC] PHP   4. Illuminate\Pipeline\Pipeline->then() /home/ubuntu/workspace/penang/vendor/laravel/framework/src/Illuminate/Foundation/Http/Kernel.php:132
[12-Dec-2016 14:45:13 UTC] PHP   5. call_user_func:{/home/ubuntu/workspace/penang/vendor/laravel/framework/src/Illuminate/Pipeline/Pipeline.php:103}() /home/ubuntu/workspace/penang/vendor/laravel/framework/src/Illuminate/Pipeline/Pipeline.php:103
[12-Dec-2016 14:45:13 UTC] PHP   6. Illuminate\Routing\Pipeline->Illuminate\Routing\{closure}() /home/ubuntu/workspace/penang/vendor/laravel/framework/src/Illuminate/Pipeline/Pipeline.php:103
[12-Dec-2016 14:45:13 UTC] PHP   7. call_user_func:{/home/ubuntu/workspace/penang/vendor/laravel/framework/src/Illuminate/Routing/Pipeline.php:32}() /home/ubuntu/workspace/penang/vendor/laravel/framework/src/Illuminate/Routing/Pipeline.php:32
[12-Dec-2016 14:45:13 UTC] PHP   8. Illuminate\Pipeline\Pipeline->Illuminate\Pipeline\{closure}() /home/ubuntu/workspace/penang/vendor/laravel/framework/src/Illuminate/Routing/Pipeline.php:32
[12-Dec-2016 14:45:13 UTC] PHP   9. call_user_func_array:{/home/ubuntu/workspace/penang/vendor/laravel/framework/src/Illuminate/Pipeline/Pipeline.php:136}() /home/ubuntu/workspace/penang/vendor/laravel/framework/src/Illuminate/Pipeline/Pipeline.php:136
[12-Dec-2016 14:45:13 UTC] PHP  10. Illuminate\Foundation\Http\Middleware\CheckForMaintenanceMode->handle() /home/ubuntu/workspace/penang/vendor/laravel/framework/src/Illuminate/Pipeline/Pipeline.php:136
[12-Dec-2016 14:45:13 UTC] PHP  11. Illuminate\Routing\Pipeline->Illuminate\Routing\{closure}() /home/ubuntu/workspace/penang/vendor/laravel/framework/src/Illuminate/Foundation/Http/Middleware/CheckForMaintenanceMode.php:44
[12-Dec-2016 14:45:13 UTC] PHP  12. call_user_func:{/home/ubuntu/workspace/penang/vendor/laravel/framework/src/Illuminate/Routing/Pipeline.php:52}() /home/ubuntu/workspace/penang/vendor/laravel/framework/src/Illuminate/Routing/Pipeline.php:52
[12-Dec-2016 14:45:13 UTC] PHP  13. Illuminate\Foundation\Http\Kernel->Illuminate\Foundation\Http\{closure}() /home/ubuntu/workspace/penang/vendor/laravel/framework/src/Illuminate/Routing/Pipeline.php:52
[12-Dec-2016 14:45:13 UTC] PHP  14. Illuminate\Routing\Router->dispatch() /home/ubuntu/workspace/penang/vendor/laravel/framework/src/Illuminate/Foundation/Http/Kernel.php:246
[12-Dec-2016 14:45:13 UTC] PHP  15. Illuminate\Routing\Router->dispatchToRoute() /home/ubuntu/workspace/penang/vendor/laravel/framework/src/Illuminate/Routing/Router.php:675
[12-Dec-2016 14:45:13 UTC] PHP  16. Illuminate\Routing\Router->findRoute() /home/ubuntu/workspace/penang/vendor/laravel/framework/src/Illuminate/Routing/Router.php:691
[12-Dec-2016 14:45:13 UTC] PHP  17. Illuminate\Routing\Router->substituteBindings() /home/ubuntu/workspace/penang/vendor/laravel/framework/src/Illuminate/Routing/Router.php:825
[12-Dec-2016 14:45:13 UTC] PHP  18. Illuminate\Routing\Router->substituteImplicitBindings() /home/ubuntu/workspace/penang/vendor/laravel/framework/src/Illuminate/Routing/Router.php:842
[12-Dec-2016 14:45:13 UTC] PHP  19. Illuminate\Routing\Route->signatureParameters() /home/ubuntu/workspace/penang/vendor/laravel/framework/src/Illuminate/Routing/Router.php:857
[12-Dec-2016 14:45:13 UTC] PHP  20. ReflectionMethod->__construct() /home/ubuntu/workspace/penang/vendor/laravel/framework/src/Illuminate/Routing/Route.php:280
[12-Dec-2016 14:45:13 UTC] PHP  21. spl_autoload_call() /home/ubuntu/workspace/penang/vendor/laravel/framework/src/Illuminate/Routing/Route.php:280
[12-Dec-2016 14:45:13 UTC] PHP  22. Composer\Autoload\ClassLoader->loadClass() /home/ubuntu/workspace/penang/vendor/laravel/framework/src/Illuminate/Routing/Route.php:280
[12-Dec-2016 14:45:13 UTC] PHP  23. Composer\Autoload\includeFile() /home/ubuntu/workspace/penang/vendor/composer/ClassLoader.php:301
[12-Dec-2016 14:47:54 UTC] PHP Fatal error:  Cannot redeclare App\Http\Controllers\UsersController::store() in /home/ubuntu/workspace/penang/app/Http/Controllers/UsersController.php on line 85
[12-Dec-2016 14:47:54 UTC] PHP Stack trace:
[12-Dec-2016 14:47:54 UTC] PHP   1. {main}() /home/ubuntu/workspace/penang/public/index.php:0
[12-Dec-2016 14:47:54 UTC] PHP   2. Illuminate\Foundation\Http\Kernel->handle() /home/ubuntu/workspace/penang/public/index.php:54
[12-Dec-2016 14:47:54 UTC] PHP   3. Illuminate\Foundation\Http\Kernel->sendRequestThroughRouter() /home/ubuntu/workspace/penang/vendor/laravel/framework/src/Illuminate/Foundation/Http/Kernel.php:99
[12-Dec-2016 14:47:54 UTC] PHP   4. Illuminate\Pipeline\Pipeline->then() /home/ubuntu/workspace/penang/vendor/laravel/framework/src/Illuminate/Foundation/Http/Kernel.php:132
[12-Dec-2016 14:47:54 UTC] PHP   5. call_user_func:{/home/ubuntu/workspace/penang/vendor/laravel/framework/src/Illuminate/Pipeline/Pipeline.php:103}() /home/ubuntu/workspace/penang/vendor/laravel/framework/src/Illuminate/Pipeline/Pipeline.php:103
[12-Dec-2016 14:47:54 UTC] PHP   6. Illuminate\Routing\Pipeline->Illuminate\Routing\{closure}() /home/ubuntu/workspace/penang/vendor/laravel/framework/src/Illuminate/Pipeline/Pipeline.php:103
[12-Dec-2016 14:47:54 UTC] PHP   7. call_user_func:{/home/ubuntu/workspace/penang/vendor/laravel/framework/src/Illuminate/Routing/Pipeline.php:32}() /home/ubuntu/workspace/penang/vendor/laravel/framework/src/Illuminate/Routing/Pipeline.php:32
[12-Dec-2016 14:47:54 UTC] PHP   8. Illuminate\Pipeline\Pipeline->Illuminate\Pipeline\{closure}() /home/ubuntu/workspace/penang/vendor/laravel/framework/src/Illuminate/Routing/Pipeline.php:32
[12-Dec-2016 14:47:54 UTC] PHP   9. call_user_func_array:{/home/ubuntu/workspace/penang/vendor/laravel/framework/src/Illuminate/Pipeline/Pipeline.php:136}() /home/ubuntu/workspace/penang/vendor/laravel/framework/src/Illuminate/Pipeline/Pipeline.php:136
[12-Dec-2016 14:47:54 UTC] PHP  10. Illuminate\Foundation\Http\Middleware\CheckForMaintenanceMode->handle() /home/ubuntu/workspace/penang/vendor/laravel/framework/src/Illuminate/Pipeline/Pipeline.php:136
[12-Dec-2016 14:47:54 UTC] PHP  11. Illuminate\Routing\Pipeline->Illuminate\Routing\{closure}() /home/ubuntu/workspace/penang/vendor/laravel/framework/src/Illuminate/Foundation/Http/Middleware/CheckForMaintenanceMode.php:44
[12-Dec-2016 14:47:54 UTC] PHP  12. call_user_func:{/home/ubuntu/workspace/penang/vendor/laravel/framework/src/Illuminate/Routing/Pipeline.php:52}() /home/ubuntu/workspace/penang/vendor/laravel/framework/src/Illuminate/Routing/Pipeline.php:52
[12-Dec-2016 14:47:54 UTC] PHP  13. Illuminate\Foundation\Http\Kernel->Illuminate\Foundation\Http\{closure}() /home/ubuntu/workspace/penang/vendor/laravel/framework/src/Illuminate/Routing/Pipeline.php:52
[12-Dec-2016 14:47:54 UTC] PHP  14. Illuminate\Routing\Router->dispatch() /home/ubuntu/workspace/penang/vendor/laravel/framework/src/Illuminate/Foundation/Http/Kernel.php:246
[12-Dec-2016 14:47:54 UTC] PHP  15. Illuminate\Routing\Router->dispatchToRoute() /home/ubuntu/workspace/penang/vendor/laravel/framework/src/Illuminate/Routing/Router.php:675
[12-Dec-2016 14:47:54 UTC] PHP  16. Illuminate\Routing\Router->findRoute() /home/ubuntu/workspace/penang/vendor/laravel/framework/src/Illuminate/Routing/Router.php:691
[12-Dec-2016 14:47:54 UTC] PHP  17. Illuminate\Routing\Router->substituteBindings() /home/ubuntu/workspace/penang/vendor/laravel/framework/src/Illuminate/Routing/Router.php:825
[12-Dec-2016 14:47:54 UTC] PHP  18. Illuminate\Routing\Router->substituteImplicitBindings() /home/ubuntu/workspace/penang/vendor/laravel/framework/src/Illuminate/Routing/Router.php:842
[12-Dec-2016 14:47:54 UTC] PHP  19. Illuminate\Routing\Route->signatureParameters() /home/ubuntu/workspace/penang/vendor/laravel/framework/src/Illuminate/Routing/Router.php:857
[12-Dec-2016 14:47:54 UTC] PHP  20. ReflectionMethod->__construct() /home/ubuntu/workspace/penang/vendor/laravel/framework/src/Illuminate/Routing/Route.php:280
[12-Dec-2016 14:47:54 UTC] PHP  21. spl_autoload_call() /home/ubuntu/workspace/penang/vendor/laravel/framework/src/Illuminate/Routing/Route.php:280
[12-Dec-2016 14:47:54 UTC] PHP  22. Composer\Autoload\ClassLoader->loadClass() /home/ubuntu/workspace/penang/vendor/laravel/framework/src/Illuminate/Routing/Route.php:280
[12-Dec-2016 14:47:54 UTC] PHP  23. Composer\Autoload\includeFile() /home/ubuntu/workspace/penang/vendor/composer/ClassLoader.php:301
[12-Dec-2016 14:50:32 UTC] PHP Fatal error:  Cannot redeclare App\Http\Controllers\UsersController::store() in /home/ubuntu/workspace/penang/app/Http/Controllers/UsersController.php on line 85
[12-Dec-2016 14:50:32 UTC] PHP Stack trace:
[12-Dec-2016 14:50:32 UTC] PHP   1. {main}() /home/ubuntu/workspace/penang/public/index.php:0
[12-Dec-2016 14:50:32 UTC] PHP   2. Illuminate\Foundation\Http\Kernel->handle() /home/ubuntu/workspace/penang/public/index.php:54
[12-Dec-2016 14:50:32 UTC] PHP   3. Illuminate\Foundation\Http\Kernel->sendRequestThroughRouter() /home/ubuntu/workspace/penang/vendor/laravel/framework/src/Illuminate/Foundation/Http/Kernel.php:99
[12-Dec-2016 14:50:32 UTC] PHP   4. Illuminate\Pipeline\Pipeline->then() /home/ubuntu/workspace/penang/vendor/laravel/framework/src/Illuminate/Foundation/Http/Kernel.php:132
[12-Dec-2016 14:50:32 UTC] PHP   5. call_user_func:{/home/ubuntu/workspace/penang/vendor/laravel/framework/src/Illuminate/Pipeline/Pipeline.php:103}() /home/ubuntu/workspace/penang/vendor/laravel/framework/src/Illuminate/Pipeline/Pipeline.php:103
[12-Dec-2016 14:50:32 UTC] PHP   6. Illuminate\Routing\Pipeline->Illuminate\Routing\{closure}() /home/ubuntu/workspace/penang/vendor/laravel/framework/src/Illuminate/Pipeline/Pipeline.php:103
[12-Dec-2016 14:50:32 UTC] PHP   7. call_user_func:{/home/ubuntu/workspace/penang/vendor/laravel/framework/src/Illuminate/Routing/Pipeline.php:32}() /home/ubuntu/workspace/penang/vendor/laravel/framework/src/Illuminate/Routing/Pipeline.php:32
[12-Dec-2016 14:50:32 UTC] PHP   8. Illuminate\Pipeline\Pipeline->Illuminate\Pipeline\{closure}() /home/ubuntu/workspace/penang/vendor/laravel/framework/src/Illuminate/Routing/Pipeline.php:32
[12-Dec-2016 14:50:32 UTC] PHP   9. call_user_func_array:{/home/ubuntu/workspace/penang/vendor/laravel/framework/src/Illuminate/Pipeline/Pipeline.php:136}() /home/ubuntu/workspace/penang/vendor/laravel/framework/src/Illuminate/Pipeline/Pipeline.php:136
[12-Dec-2016 14:50:32 UTC] PHP  10. Illuminate\Foundation\Http\Middleware\CheckForMaintenanceMode->handle() /home/ubuntu/workspace/penang/vendor/laravel/framework/src/Illuminate/Pipeline/Pipeline.php:136
[12-Dec-2016 14:50:32 UTC] PHP  11. Illuminate\Routing\Pipeline->Illuminate\Routing\{closure}() /home/ubuntu/workspace/penang/vendor/laravel/framework/src/Illuminate/Foundation/Http/Middleware/CheckForMaintenanceMode.php:44
[12-Dec-2016 14:50:32 UTC] PHP  12. call_user_func:{/home/ubuntu/workspace/penang/vendor/laravel/framework/src/Illuminate/Routing/Pipeline.php:52}() /home/ubuntu/workspace/penang/vendor/laravel/framework/src/Illuminate/Routing/Pipeline.php:52
[12-Dec-2016 14:50:32 UTC] PHP  13. Illuminate\Foundation\Http\Kernel->Illuminate\Foundation\Http\{closure}() /home/ubuntu/workspace/penang/vendor/laravel/framework/src/Illuminate/Routing/Pipeline.php:52
[12-Dec-2016 14:50:32 UTC] PHP  14. Illuminate\Routing\Router->dispatch() /home/ubuntu/workspace/penang/vendor/laravel/framework/src/Illuminate/Foundation/Http/Kernel.php:246
[12-Dec-2016 14:50:32 UTC] PHP  15. Illuminate\Routing\Router->dispatchToRoute() /home/ubuntu/workspace/penang/vendor/laravel/framework/src/Illuminate/Routing/Router.php:675
[12-Dec-2016 14:50:32 UTC] PHP  16. Illuminate\Routing\Router->findRoute() /home/ubuntu/workspace/penang/vendor/laravel/framework/src/Illuminate/Routing/Router.php:691
[12-Dec-2016 14:50:32 UTC] PHP  17. Illuminate\Routing\Router->substituteBindings() /home/ubuntu/workspace/penang/vendor/laravel/framework/src/Illuminate/Routing/Router.php:825
[12-Dec-2016 14:50:32 UTC] PHP  18. Illuminate\Routing\Router->substituteImplicitBindings() /home/ubuntu/workspace/penang/vendor/laravel/framework/src/Illuminate/Routing/Router.php:842
[12-Dec-2016 14:50:32 UTC] PHP  19. Illuminate\Routing\Route->signatureParameters() /home/ubuntu/workspace/penang/vendor/laravel/framework/src/Illuminate/Routing/Router.php:857
[12-Dec-2016 14:50:32 UTC] PHP  20. ReflectionMethod->__construct() /home/ubuntu/workspace/penang/vendor/laravel/framework/src/Illuminate/Routing/Route.php:280
[12-Dec-2016 14:50:32 UTC] PHP  21. spl_autoload_call() /home/ubuntu/workspace/penang/vendor/laravel/framework/src/Illuminate/Routing/Route.php:280
[12-Dec-2016 14:50:32 UTC] PHP  22. Composer\Autoload\ClassLoader->loadClass() /home/ubuntu/workspace/penang/vendor/laravel/framework/src/Illuminate/Routing/Route.php:280
[12-Dec-2016 14:50:32 UTC] PHP  23. Composer\Autoload\includeFile() /home/ubuntu/workspace/penang/vendor/composer/ClassLoader.php:301
[12-Dec-2016 14:50:55 UTC] PHP Fatal error:  Cannot redeclare App\Http\Controllers\UsersController::store() in /home/ubuntu/workspace/penang/app/Http/Controllers/UsersController.php on line 85
[12-Dec-2016 14:50:55 UTC] PHP Stack trace:
[12-Dec-2016 14:50:55 UTC] PHP   1. {main}() /home/ubuntu/workspace/penang/public/index.php:0
[12-Dec-2016 14:50:55 UTC] PHP   2. Illuminate\Foundation\Http\Kernel->handle() /home/ubuntu/workspace/penang/public/index.php:54
[12-Dec-2016 14:50:55 UTC] PHP   3. Illuminate\Foundation\Http\Kernel->sendRequestThroughRouter() /home/ubuntu/workspace/penang/vendor/laravel/framework/src/Illuminate/Foundation/Http/Kernel.php:99
[12-Dec-2016 14:50:55 UTC] PHP   4. Illuminate\Pipeline\Pipeline->then() /home/ubuntu/workspace/penang/vendor/laravel/framework/src/Illuminate/Foundation/Http/Kernel.php:132
[12-Dec-2016 14:50:55 UTC] PHP   5. call_user_func:{/home/ubuntu/workspace/penang/vendor/laravel/framework/src/Illuminate/Pipeline/Pipeline.php:103}() /home/ubuntu/workspace/penang/vendor/laravel/framework/src/Illuminate/Pipeline/Pipeline.php:103
[12-Dec-2016 14:50:55 UTC] PHP   6. Illuminate\Routing\Pipeline->Illuminate\Routing\{closure}() /home/ubuntu/workspace/penang/vendor/laravel/framework/src/Illuminate/Pipeline/Pipeline.php:103
[12-Dec-2016 14:50:55 UTC] PHP   7. call_user_func:{/home/ubuntu/workspace/penang/vendor/laravel/framework/src/Illuminate/Routing/Pipeline.php:32}() /home/ubuntu/workspace/penang/vendor/laravel/framework/src/Illuminate/Routing/Pipeline.php:32
[12-Dec-2016 14:50:55 UTC] PHP   8. Illuminate\Pipeline\Pipeline->Illuminate\Pipeline\{closure}() /home/ubuntu/workspace/penang/vendor/laravel/framework/src/Illuminate/Routing/Pipeline.php:32
[12-Dec-2016 14:50:55 UTC] PHP   9. call_user_func_array:{/home/ubuntu/workspace/penang/vendor/laravel/framework/src/Illuminate/Pipeline/Pipeline.php:136}() /home/ubuntu/workspace/penang/vendor/laravel/framework/src/Illuminate/Pipeline/Pipeline.php:136
[12-Dec-2016 14:50:55 UTC] PHP  10. Illuminate\Foundation\Http\Middleware\CheckForMaintenanceMode->handle() /home/ubuntu/workspace/penang/vendor/laravel/framework/src/Illuminate/Pipeline/Pipeline.php:136
[12-Dec-2016 14:50:55 UTC] PHP  11. Illuminate\Routing\Pipeline->Illuminate\Routing\{closure}() /home/ubuntu/workspace/penang/vendor/laravel/framework/src/Illuminate/Foundation/Http/Middleware/CheckForMaintenanceMode.php:44
[12-Dec-2016 14:50:55 UTC] PHP  12. call_user_func:{/home/ubuntu/workspace/penang/vendor/laravel/framework/src/Illuminate/Routing/Pipeline.php:52}() /home/ubuntu/workspace/penang/vendor/laravel/framework/src/Illuminate/Routing/Pipeline.php:52
[12-Dec-2016 14:50:55 UTC] PHP  13. Illuminate\Foundation\Http\Kernel->Illuminate\Foundation\Http\{closure}() /home/ubuntu/workspace/penang/vendor/laravel/framework/src/Illuminate/Routing/Pipeline.php:52
[12-Dec-2016 14:50:55 UTC] PHP  14. Illuminate\Routing\Router->dispatch() /home/ubuntu/workspace/penang/vendor/laravel/framework/src/Illuminate/Foundation/Http/Kernel.php:246
[12-Dec-2016 14:50:55 UTC] PHP  15. Illuminate\Routing\Router->dispatchToRoute() /home/ubuntu/workspace/penang/vendor/laravel/framework/src/Illuminate/Routing/Router.php:675
[12-Dec-2016 14:50:55 UTC] PHP  16. Illuminate\Routing\Router->findRoute() /home/ubuntu/workspace/penang/vendor/laravel/framework/src/Illuminate/Routing/Router.php:691
[12-Dec-2016 14:50:55 UTC] PHP  17. Illuminate\Routing\Router->substituteBindings() /home/ubuntu/workspace/penang/vendor/laravel/framework/src/Illuminate/Routing/Router.php:825
[12-Dec-2016 14:50:55 UTC] PHP  18. Illuminate\Routing\Router->substituteImplicitBindings() /home/ubuntu/workspace/penang/vendor/laravel/framework/src/Illuminate/Routing/Router.php:842
[12-Dec-2016 14:50:55 UTC] PHP  19. Illuminate\Routing\Route->signatureParameters() /home/ubuntu/workspace/penang/vendor/laravel/framework/src/Illuminate/Routing/Router.php:857
[12-Dec-2016 14:50:55 UTC] PHP  20. ReflectionMethod->__construct() /home/ubuntu/workspace/penang/vendor/laravel/framework/src/Illuminate/Routing/Route.php:280
[12-Dec-2016 14:50:55 UTC] PHP  21. spl_autoload_call() /home/ubuntu/workspace/penang/vendor/laravel/framework/src/Illuminate/Routing/Route.php:280
[12-Dec-2016 14:50:55 UTC] PHP  22. Composer\Autoload\ClassLoader->loadClass() /home/ubuntu/workspace/penang/vendor/laravel/framework/src/Illuminate/Routing/Route.php:280
[12-Dec-2016 14:50:55 UTC] PHP  23. Composer\Autoload\includeFile() /home/ubuntu/workspace/penang/vendor/composer/ClassLoader.php:301
[12-Dec-2016 15:00:58 UTC] PHP Fatal error:  Cannot redeclare App\Http\Controllers\UsersController::store() in /home/ubuntu/workspace/penang/app/Http/Controllers/UsersController.php on line 86
[12-Dec-2016 15:00:58 UTC] PHP Stack trace:
[12-Dec-2016 15:00:58 UTC] PHP   1. {main}() /home/ubuntu/workspace/penang/public/index.php:0
[12-Dec-2016 15:00:58 UTC] PHP   2. Illuminate\Foundation\Http\Kernel->handle() /home/ubuntu/workspace/penang/public/index.php:54
[12-Dec-2016 15:00:58 UTC] PHP   3. Illuminate\Foundation\Http\Kernel->sendRequestThroughRouter() /home/ubuntu/workspace/penang/vendor/laravel/framework/src/Illuminate/Foundation/Http/Kernel.php:99
[12-Dec-2016 15:00:58 UTC] PHP   4. Illuminate\Pipeline\Pipeline->then() /home/ubuntu/workspace/penang/vendor/laravel/framework/src/Illuminate/Foundation/Http/Kernel.php:132
[12-Dec-2016 15:00:58 UTC] PHP   5. call_user_func:{/home/ubuntu/workspace/penang/vendor/laravel/framework/src/Illuminate/Pipeline/Pipeline.php:103}() /home/ubuntu/workspace/penang/vendor/laravel/framework/src/Illuminate/Pipeline/Pipeline.php:103
[12-Dec-2016 15:00:58 UTC] PHP   6. Illuminate\Routing\Pipeline->Illuminate\Routing\{closure}() /home/ubuntu/workspace/penang/vendor/laravel/framework/src/Illuminate/Pipeline/Pipeline.php:103
[12-Dec-2016 15:00:58 UTC] PHP   7. call_user_func:{/home/ubuntu/workspace/penang/vendor/laravel/framework/src/Illuminate/Routing/Pipeline.php:32}() /home/ubuntu/workspace/penang/vendor/laravel/framework/src/Illuminate/Routing/Pipeline.php:32
[12-Dec-2016 15:00:58 UTC] PHP   8. Illuminate\Pipeline\Pipeline->Illuminate\Pipeline\{closure}() /home/ubuntu/workspace/penang/vendor/laravel/framework/src/Illuminate/Routing/Pipeline.php:32
[12-Dec-2016 15:00:58 UTC] PHP   9. call_user_func_array:{/home/ubuntu/workspace/penang/vendor/laravel/framework/src/Illuminate/Pipeline/Pipeline.php:136}() /home/ubuntu/workspace/penang/vendor/laravel/framework/src/Illuminate/Pipeline/Pipeline.php:136
[12-Dec-2016 15:00:58 UTC] PHP  10. Illuminate\Foundation\Http\Middleware\CheckForMaintenanceMode->handle() /home/ubuntu/workspace/penang/vendor/laravel/framework/src/Illuminate/Pipeline/Pipeline.php:136
[12-Dec-2016 15:00:58 UTC] PHP  11. Illuminate\Routing\Pipeline->Illuminate\Routing\{closure}() /home/ubuntu/workspace/penang/vendor/laravel/framework/src/Illuminate/Foundation/Http/Middleware/CheckForMaintenanceMode.php:44
[12-Dec-2016 15:00:58 UTC] PHP  12. call_user_func:{/home/ubuntu/workspace/penang/vendor/laravel/framework/src/Illuminate/Routing/Pipeline.php:52}() /home/ubuntu/workspace/penang/vendor/laravel/framework/src/Illuminate/Routing/Pipeline.php:52
[12-Dec-2016 15:00:58 UTC] PHP  13. Illuminate\Foundation\Http\Kernel->Illuminate\Foundation\Http\{closure}() /home/ubuntu/workspace/penang/vendor/laravel/framework/src/Illuminate/Routing/Pipeline.php:52
[12-Dec-2016 15:00:58 UTC] PHP  14. Illuminate\Routing\Router->dispatch() /home/ubuntu/workspace/penang/vendor/laravel/framework/src/Illuminate/Foundation/Http/Kernel.php:246
[12-Dec-2016 15:00:58 UTC] PHP  15. Illuminate\Routing\Router->dispatchToRoute() /home/ubuntu/workspace/penang/vendor/laravel/framework/src/Illuminate/Routing/Router.php:675
[12-Dec-2016 15:00:58 UTC] PHP  16. Illuminate\Routing\Router->findRoute() /home/ubuntu/workspace/penang/vendor/laravel/framework/src/Illuminate/Routing/Router.php:691
[12-Dec-2016 15:00:58 UTC] PHP  17. Illuminate\Routing\Router->substituteBindings() /home/ubuntu/workspace/penang/vendor/laravel/framework/src/Illuminate/Routing/Router.php:825
[12-Dec-2016 15:00:58 UTC] PHP  18. Illuminate\Routing\Router->substituteImplicitBindings() /home/ubuntu/workspace/penang/vendor/laravel/framework/src/Illuminate/Routing/Router.php:842
[12-Dec-2016 15:00:58 UTC] PHP  19. Illuminate\Routing\Route->signatureParameters() /home/ubuntu/workspace/penang/vendor/laravel/framework/src/Illuminate/Routing/Router.php:857
[12-Dec-2016 15:00:58 UTC] PHP  20. ReflectionMethod->__construct() /home/ubuntu/workspace/penang/vendor/laravel/framework/src/Illuminate/Routing/Route.php:280
[12-Dec-2016 15:00:58 UTC] PHP  21. spl_autoload_call() /home/ubuntu/workspace/penang/vendor/laravel/framework/src/Illuminate/Routing/Route.php:280
[12-Dec-2016 15:00:58 UTC] PHP  22. Composer\Autoload\ClassLoader->loadClass() /home/ubuntu/workspace/penang/vendor/laravel/framework/src/Illuminate/Routing/Route.php:280
[12-Dec-2016 15:00:58 UTC] PHP  23. Composer\Autoload\includeFile() /home/ubuntu/workspace/penang/vendor/composer/ClassLoader.php:301
